Using pre-set license
Built from '2020.3/staging' branch; Version is '2020.3.6f1 (338bb68529b2) revision 3378102'; Using compiler version '192528614'; Build Type 'Release'
OS: 'Windows 10 Pro; OS build 19042.928; Version 2009; 64bit' Language: 'es' Physical Memory: 16306 MB
BatchMode: 1, IsHumanControllingUs: 0, StartBugReporterOnCrash: 0, Is64bit: 1, IsPro: 0

 COMMAND LINE ARGUMENTS:
C:\Program Files (x86)\Microsoft Visual Studio\2019\Community\Common7\IDE\2020.3.6f1\Editor\Unity.exe
-adb2
-batchMode
-noUpm
-name
AssetImportWorker0
-projectPath
C:/Users/CES/Documents/GitHub/GrupoREJA
-logFile
Logs/AssetImportWorker0.log
-srvPort
50858
Successfully changed project path to: C:/Users/CES/Documents/GitHub/GrupoREJA
C:/Users/CES/Documents/GitHub/GrupoREJA
Using Asset Import Pipeline V2.
Refreshing native plugins compatible for Editor in 210.74 ms, found 0 plugins.
Preloading 0 native plugins for Editor in 0.00 ms.
Initialize engine version: 2020.3.6f1 (338bb68529b2)
[Subsystems] Discovering subsystems at path C:/Program Files (x86)/Microsoft Visual Studio/2019/Community/Common7/IDE/2020.3.6f1/Editor/Data/Resources/UnitySubsystems
[Subsystems] Discovering subsystems at path C:/Users/CES/Documents/GitHub/GrupoREJA/Assets
GfxDevice: creating device client; threaded=0
Direct3D:
    Version:  Direct3D 11.0 [level 11.0]
    Renderer: NVIDIA Quadro K620 (ID=0x13bb)
    Vendor:   
    VRAM:     2007 MB
    Driver:   30.0.14.7168
Shader 'Universal Render Pipeline/Particles/Lit': fallback shader 'Universal Render Pipeline/Particles/SimpleLit' not found
Initialize mono
Mono path[0] = 'C:/Program Files (x86)/Microsoft Visual Studio/2019/Community/Common7/IDE/2020.3.6f1/Editor/Data/Managed'
Mono path[1] = 'C:/Program Files (x86)/Microsoft Visual Studio/2019/Community/Common7/IDE/2020.3.6f1/Editor/Data/MonoBleedingEdge/lib/mono/unityjit'
Mono config path = 'C:/Program Files (x86)/Microsoft Visual Studio/2019/Community/Common7/IDE/2020.3.6f1/Editor/Data/MonoBleedingEdge/etc'
Using monoOptions --debugger-agent=transport=dt_socket,embedding=1,server=y,suspend=n,address=127.0.0.1:56000
Begin MonoManager ReloadAssembly
Registering precompiled unity dll's ...
Register platform support module: C:/Program Files (x86)/Microsoft Visual Studio/2019/Community/Common7/IDE/2020.3.6f1/Editor/Data/PlaybackEngines/WindowsStandaloneSupport/UnityEditor.WindowsStandalone.Extensions.dll
Registered in 0.003323 seconds.
Native extension for WindowsStandalone target not found
Refreshing native plugins compatible for Editor in 57.05 ms, found 0 plugins.
Preloading 0 native plugins for Editor in 0.00 ms.
Mono: successfully reloaded assembly
- Completed reload, in  2.642 seconds
Platform modules already initialized, skipping
Registering precompiled user dll's ...
Registered in 0.002347 seconds.
Begin MonoManager ReloadAssembly
Native extension for WindowsStandalone target not found
Refreshing native plugins compatible for Editor in 49.23 ms, found 0 plugins.
Preloading 0 native plugins for Editor in 0.00 ms.
Mono: successfully reloaded assembly
- Completed reload, in  1.143 seconds
Platform modules already initialized, skipping
========================================================================
Worker process is ready to serve import requests
Shader 'Universal Render Pipeline/Particles/Lit': fallback shader 'Universal Render Pipeline/Particles/SimpleLit' not found
Launched and connected shader compiler UnityShaderCompiler.exe after 0.05 seconds
Refreshing native plugins compatible for Editor in 0.87 ms, found 0 plugins.
Preloading 0 native plugins for Editor in 0.00 ms.
Unloading 2632 Unused Serialized files (Serialized files now loaded: 0)
System memory in use before: 123.0 MB.
System memory in use after: 123.2 MB.

Unloading 11 unused Assets to reduce memory usage. Loaded Objects now: 3075.
Total: 3.485100 ms (FindLiveObjects: 0.484200 ms CreateObjectMapping: 0.223600 ms MarkObjects: 2.668700 ms  DeleteObjects: 0.107300 ms)

========================================================================
Received Import Request.
  path: Assets/Scenes/Escena7--HabitacionHija/HabitacionHija.unity
  artifactKey: Guid(0974f86ec02901145bfbfb64d2e2e9b7) Importer(815301076,1909f56bfc062723c751e8b465ee728b)
Start importing Assets/Scenes/Escena7--HabitacionHija/HabitacionHija.unity using Guid(0974f86ec02901145bfbfb64d2e2e9b7) Importer(815301076,1909f56bfc062723c751e8b465ee728b)  -> (artifact id: '53a7dca14da63e3896a93c672d0cd0b8') in 0.027332 seconds
  Import took 0.034148 seconds .

========================================================================
Received Import Request.
  Time since last request: 1019.186918 seconds.
  path: Assets/Scenes/Escena7--HabitacionHija/Materials
  artifactKey: Guid(380ecd00f98293d4c8653229dd8aaf96) Importer(815301076,1909f56bfc062723c751e8b465ee728b)
Start importing Assets/Scenes/Escena7--HabitacionHija/Materials using Guid(380ecd00f98293d4c8653229dd8aaf96) Importer(815301076,1909f56bfc062723c751e8b465ee728b)  -> (artifact id: 'c116ae8b77e134c262e572bf3c1dd675') in 0.010209 seconds
  Import took 0.016648 seconds .

========================================================================
Received Import Request.
  Time since last request: 0.002832 seconds.
  path: Assets/Scenes/Escena7--HabitacionHija/Materials
  artifactKey: Guid(380ecd00f98293d4c8653229dd8aaf96) Importer(815301076,1909f56bfc062723c751e8b465ee728b)
Start importing Assets/Scenes/Escena7--HabitacionHija/Materials using Guid(380ecd00f98293d4c8653229dd8aaf96) Importer(815301076,1909f56bfc062723c751e8b465ee728b)  -> (artifact id: 'c116ae8b77e134c262e572bf3c1dd675') in 0.002649 seconds
  Import took 0.007652 seconds .

========================================================================
Received Import Request.
  Time since last request: 0.070184 seconds.
  path: Assets/Scenes/Escena7--HabitacionHija/Materials/Door.mat
  artifactKey: Guid(e0d7c7cc0c1ef9b45944f491cc4cd2dd) Importer(815301076,1909f56bfc062723c751e8b465ee728b)
Start importing Assets/Scenes/Escena7--HabitacionHija/Materials/Door.mat using Guid(e0d7c7cc0c1ef9b45944f491cc4cd2dd) Importer(815301076,1909f56bfc062723c751e8b465ee728b)  -> (artifact id: '8f6bbf0cfbbe38d2206abf18f7edca64') in 0.529209 seconds
  Import took 0.534197 seconds .

========================================================================
Received Import Request.
  Time since last request: 0.000165 seconds.
  path: Assets/Scenes/Escena7--HabitacionHija/Materials/Wall.mat
  artifactKey: Guid(cdecfcf08591ddd47ac920f50ab8c8f3) Importer(815301076,1909f56bfc062723c751e8b465ee728b)
Start importing Assets/Scenes/Escena7--HabitacionHija/Materials/Wall.mat using Guid(cdecfcf08591ddd47ac920f50ab8c8f3) Importer(815301076,1909f56bfc062723c751e8b465ee728b)  -> (artifact id: '8147d2c49dd298a312f9585a89360f42') in 0.013567 seconds
  Import took 0.017679 seconds .

========================================================================
Received Import Request.
  Time since last request: 0.000203 seconds.
  path: Assets/Scenes/Escena7--HabitacionHija/Materials/Floor.mat
  artifactKey: Guid(f9fe4fa9d6b752b489a7441b9b054c5a) Importer(815301076,1909f56bfc062723c751e8b465ee728b)
Start importing Assets/Scenes/Escena7--HabitacionHija/Materials/Floor.mat using Guid(f9fe4fa9d6b752b489a7441b9b054c5a) Importer(815301076,1909f56bfc062723c751e8b465ee728b)  -> (artifact id: 'b87c75e9f965e05f4bbca5ccd55ef2bc') in 0.016821 seconds
  Import took 0.021310 seconds .

========================================================================
Received Import Request.
  Time since last request: 0.000183 seconds.
  path: Assets/Scenes/Escena7--HabitacionHija/Materials/Window.mat
  artifactKey: Guid(b8c10953726517544b6f682b19c7ac65) Importer(815301076,1909f56bfc062723c751e8b465ee728b)
Start importing Assets/Scenes/Escena7--HabitacionHija/Materials/Window.mat using Guid(b8c10953726517544b6f682b19c7ac65) Importer(815301076,1909f56bfc062723c751e8b465ee728b)  -> (artifact id: '9de34f7d697b28272f8c55aadcf5fc8d') in 0.016397 seconds
  Import took 0.021347 seconds .

========================================================================
Received Import Request.
  Time since last request: 6.734812 seconds.
  path: Assets/Scenes/Escena7--HabitacionHija/HabitacionHija/LightingData.asset
  artifactKey: Guid(abaf795b91c9b004c877137545529be1) Importer(815301076,1909f56bfc062723c751e8b465ee728b)
Start importing Assets/Scenes/Escena7--HabitacionHija/HabitacionHija/LightingData.asset using Guid(abaf795b91c9b004c877137545529be1) Importer(815301076,1909f56bfc062723c751e8b465ee728b)  -> (artifact id: '1d809bb721b235c1b6911913fa355e91') in 0.010610 seconds
  Import took 0.016263 seconds .

========================================================================
Received Import Request.
  Time since last request: 0.000300 seconds.
  path: Assets/Scenes/Escena7--HabitacionHija/HabitacionHija/Lightmap-4_comp_dir.png
  artifactKey: Guid(ff9ab98e95300604298aaf01be9c90dd) Importer(815301076,1909f56bfc062723c751e8b465ee728b)
Start importing Assets/Scenes/Escena7--HabitacionHija/HabitacionHija/Lightmap-4_comp_dir.png using Guid(ff9ab98e95300604298aaf01be9c90dd) Importer(815301076,1909f56bfc062723c751e8b465ee728b)  -> (artifact id: 'd17aa39014f29ea5294ec6d590c3c54d') in 0.133412 seconds
  Import took 0.137880 seconds .

========================================================================
Received Import Request.
  Time since last request: 0.000301 seconds.
  path: Assets/Scenes/Escena7--HabitacionHija/HabitacionHija/Lightmap-3_comp_light.exr
  artifactKey: Guid(fc96a1254ffaa1f43b1cbb47de72f417) Importer(815301076,1909f56bfc062723c751e8b465ee728b)
Start importing Assets/Scenes/Escena7--HabitacionHija/HabitacionHija/Lightmap-3_comp_light.exr using Guid(fc96a1254ffaa1f43b1cbb47de72f417) Importer(815301076,1909f56bfc062723c751e8b465ee728b)  -> (artifact id: '04230f7065e6d6ddce600045f9e7a824') in 0.020023 seconds
  Import took 0.024247 seconds .

========================================================================
Received Import Request.
  Time since last request: 0.000171 seconds.
  path: Assets/Scenes/Escena7--HabitacionHija/HabitacionHija/Lightmap-2_comp_light.exr
  artifactKey: Guid(60a60f75bbf45654caf27c1c94e22e15) Importer(815301076,1909f56bfc062723c751e8b465ee728b)
Start importing Assets/Scenes/Escena7--HabitacionHija/HabitacionHija/Lightmap-2_comp_light.exr using Guid(60a60f75bbf45654caf27c1c94e22e15) Importer(815301076,1909f56bfc062723c751e8b465ee728b)  -> (artifact id: 'f599dcb209c2b554700622a6c40416dc') in 0.012420 seconds
  Import took 0.016949 seconds .

========================================================================
Received Import Request.
  Time since last request: 0.000202 seconds.
  path: Assets/Scenes/Escena7--HabitacionHija/HabitacionHija/Lightmap-4_comp_light.exr
  artifactKey: Guid(19e35893d03675f4eb61fe3888dd964c) Importer(815301076,1909f56bfc062723c751e8b465ee728b)
Start importing Assets/Scenes/Escena7--HabitacionHija/HabitacionHija/Lightmap-4_comp_light.exr using Guid(19e35893d03675f4eb61fe3888dd964c) Importer(815301076,1909f56bfc062723c751e8b465ee728b)  -> (artifact id: 'f0e09e743b4976c51030b362013986c6') in 0.015588 seconds
  Import took 0.020338 seconds .

========================================================================
Received Import Request.
  Time since last request: 0.000188 seconds.
  path: Assets/Scenes/Escena7--HabitacionHija/HabitacionHija/Lightmap-1_comp_dir.png
  artifactKey: Guid(9126089f18f8334409d0feae26e4c65f) Importer(815301076,1909f56bfc062723c751e8b465ee728b)
Start importing Assets/Scenes/Escena7--HabitacionHija/HabitacionHija/Lightmap-1_comp_dir.png using Guid(9126089f18f8334409d0feae26e4c65f) Importer(815301076,1909f56bfc062723c751e8b465ee728b)  -> (artifact id: '32646e75e7686fe39723872a21d1471f') in 0.022220 seconds
  Import took 0.027141 seconds .

========================================================================
Received Import Request.
  Time since last request: 0.000188 seconds.
  path: Assets/Scenes/Escena7--HabitacionHija/HabitacionHija/Lightmap-5_comp_dir.png
  artifactKey: Guid(fbe59600e624cb045bdb2e4baf6280f6) Importer(815301076,1909f56bfc062723c751e8b465ee728b)
Start importing Assets/Scenes/Escena7--HabitacionHija/HabitacionHija/Lightmap-5_comp_dir.png using Guid(fbe59600e624cb045bdb2e4baf6280f6) Importer(815301076,1909f56bfc062723c751e8b465ee728b)  -> (artifact id: 'c54f035b7af1b97f804612c0aa2b33f7') in 0.011959 seconds
  Import took 0.016760 seconds .

========================================================================
Received Import Request.
  Time since last request: 0.000178 seconds.
  path: Assets/Scenes/Escena7--HabitacionHija/HabitacionHija/Lightmap-3_comp_dir.png
  artifactKey: Guid(20fc74c9c8af36b4f8fce876c13c13c7) Importer(815301076,1909f56bfc062723c751e8b465ee728b)
Start importing Assets/Scenes/Escena7--HabitacionHija/HabitacionHija/Lightmap-3_comp_dir.png using Guid(20fc74c9c8af36b4f8fce876c13c13c7) Importer(815301076,1909f56bfc062723c751e8b465ee728b)  -> (artifact id: 'ca47f9f47a7608f4d8ebbaf95aa4812b') in 0.014209 seconds
  Import took 0.019006 seconds .

========================================================================
Received Import Request.
  Time since last request: 0.000173 seconds.
  path: Assets/Scenes/Escena7--HabitacionHija/HabitacionHija/Lightmap-2_comp_dir.png
  artifactKey: Guid(bc7a4e1c49c8e5740bb0284b4d11828b) Importer(815301076,1909f56bfc062723c751e8b465ee728b)
Start importing Assets/Scenes/Escena7--HabitacionHija/HabitacionHija/Lightmap-2_comp_dir.png using Guid(bc7a4e1c49c8e5740bb0284b4d11828b) Importer(815301076,1909f56bfc062723c751e8b465ee728b)  -> (artifact id: '8b210750bba5b2f183e1a049d552de48') in 0.012944 seconds
  Import took 0.017473 seconds .

========================================================================
Received Import Request.
  Time since last request: 0.000175 seconds.
  path: Assets/Scenes/Escena7--HabitacionHija/HabitacionHija/Lightmap-5_comp_light.exr
  artifactKey: Guid(26c25387788f5884797b36b74f254eee) Importer(815301076,1909f56bfc062723c751e8b465ee728b)
Start importing Assets/Scenes/Escena7--HabitacionHija/HabitacionHija/Lightmap-5_comp_light.exr using Guid(26c25387788f5884797b36b74f254eee) Importer(815301076,1909f56bfc062723c751e8b465ee728b)  -> (artifact id: 'a4873b4dca29d5220c4c4fba56396ae3') in 0.012540 seconds
  Import took 0.016866 seconds .

========================================================================
Received Import Request.
  Time since last request: 0.000182 seconds.
  path: Assets/Scenes/Escena7--HabitacionHija/HabitacionHija/Lightmap-0_comp_dir.png
  artifactKey: Guid(34d2006d546604e40b9c0812011cad98) Importer(815301076,1909f56bfc062723c751e8b465ee728b)
Start importing Assets/Scenes/Escena7--HabitacionHija/HabitacionHija/Lightmap-0_comp_dir.png using Guid(34d2006d546604e40b9c0812011cad98) Importer(815301076,1909f56bfc062723c751e8b465ee728b)  -> (artifact id: 'c31729ac622c48ed0a005eff45f889aa') in 0.012457 seconds
  Import took 0.017001 seconds .

========================================================================
Received Import Request.
  Time since last request: 0.000178 seconds.
  path: Assets/Scenes/Escena7--HabitacionHija/HabitacionHija/Lightmap-1_comp_light.exr
  artifactKey: Guid(471f479a1503f0b469dbd212e9eeba15) Importer(815301076,1909f56bfc062723c751e8b465ee728b)
Start importing Assets/Scenes/Escena7--HabitacionHija/HabitacionHija/Lightmap-1_comp_light.exr using Guid(471f479a1503f0b469dbd212e9eeba15) Importer(815301076,1909f56bfc062723c751e8b465ee728b)  -> (artifact id: '91bb2ef7d13b0f5fe66768943b3457c2') in 0.024903 seconds
  Import took 0.029528 seconds .

========================================================================
Received Import Request.
  Time since last request: 0.000195 seconds.
  path: Assets/Scenes/Escena7--HabitacionHija/HabitacionHija/ReflectionProbe-0.exr
  artifactKey: Guid(2465243f0b3eb504aa85209b7cf949b4) Importer(815301076,1909f56bfc062723c751e8b465ee728b)
Start importing Assets/Scenes/Escena7--HabitacionHija/HabitacionHija/ReflectionProbe-0.exr using Guid(2465243f0b3eb504aa85209b7cf949b4) Importer(815301076,1909f56bfc062723c751e8b465ee728b)  -> (artifact id: '124ef0d25a0a451c1f357872bde85f60') in 0.025320 seconds
  Import took 0.030155 seconds .

========================================================================
Received Import Request.
  Time since last request: 0.000183 seconds.
  path: Assets/Scenes/Escena7--HabitacionHija/HabitacionHija/Lightmap-0_comp_light.exr
  artifactKey: Guid(355be78f039016e4b8776e769dd57ddc) Importer(815301076,1909f56bfc062723c751e8b465ee728b)
Start importing Assets/Scenes/Escena7--HabitacionHija/HabitacionHija/Lightmap-0_comp_light.exr using Guid(355be78f039016e4b8776e769dd57ddc) Importer(815301076,1909f56bfc062723c751e8b465ee728b)  -> (artifact id: 'b2c28b1a0b052b04998afe61a7640067') in 0.015103 seconds
  Import took 0.019415 seconds .

========================================================================
Received Import Request.
  Time since last request: 13.357852 seconds.
  path: Assets/Scenes/Escena7--HabitacionHija/HabitacionHija
  artifactKey: Guid(9e5ed51c67cb22b49832e35ace6bff84) Importer(815301076,1909f56bfc062723c751e8b465ee728b)
Start importing Assets/Scenes/Escena7--HabitacionHija/HabitacionHija using Guid(9e5ed51c67cb22b49832e35ace6bff84) Importer(815301076,1909f56bfc062723c751e8b465ee728b)  -> (artifact id: '393b1a3cc2eed45a1f69bf796b56d874') in 0.009538 seconds
  Import took 0.015256 seconds .

========================================================================
Received Import Request.
  Time since last request: 14.976824 seconds.
  path: Assets/Muebles/Habitacion_Hope
  artifactKey: Guid(a479ff8ad7f1be249bb7e8a9901d955f) Importer(815301076,1909f56bfc062723c751e8b465ee728b)
Start importing Assets/Muebles/Habitacion_Hope using Guid(a479ff8ad7f1be249bb7e8a9901d955f) Importer(815301076,1909f56bfc062723c751e8b465ee728b)  -> (artifact id: 'b264c598f17d6eeb0dca81f1129c5259') in 0.008940 seconds
  Import took 0.015256 seconds .

========================================================================
Received Import Request.
  Time since last request: 0.003258 seconds.
  path: Assets/Muebles/Habitacion_Hope
  artifactKey: Guid(a479ff8ad7f1be249bb7e8a9901d955f) Importer(815301076,1909f56bfc062723c751e8b465ee728b)
Start importing Assets/Muebles/Habitacion_Hope using Guid(a479ff8ad7f1be249bb7e8a9901d955f) Importer(815301076,1909f56bfc062723c751e8b465ee728b)  -> (artifact id: 'b264c598f17d6eeb0dca81f1129c5259') in 0.002664 seconds
  Import took 0.008351 seconds .

========================================================================
Received Import Request.
  Time since last request: 0.033192 seconds.
  path: Assets/Muebles/Habitacion_Hope/doow_wood.obj
  artifactKey: Guid(fb876e787c1f82a498bad25969731e46) Importer(815301076,1909f56bfc062723c751e8b465ee728b)
Start importing Assets/Muebles/Habitacion_Hope/doow_wood.obj using Guid(fb876e787c1f82a498bad25969731e46) Importer(815301076,1909f56bfc062723c751e8b465ee728b)  -> (artifact id: '8af5aecb36b8ba366365c98711384fd5') in 0.306360 seconds
  Import took 0.311489 seconds .

========================================================================
Received Import Request.
  Time since last request: 0.000234 seconds.
  path: Assets/Muebles/Habitacion_Hope/Цилиндр.001.mesh
  artifactKey: Guid(56b153d9fbf798c4687363114ac2a7f9) Importer(815301076,1909f56bfc062723c751e8b465ee728b)
Start importing Assets/Muebles/Habitacion_Hope/Цилиндр.001.mesh using Guid(56b153d9fbf798c4687363114ac2a7f9) Importer(815301076,1909f56bfc062723c751e8b465ee728b)  -> (artifact id: '02853c2303bc6c39cbbba51a1a852fb4') in 0.018814 seconds
  Import took 0.023044 seconds .

========================================================================
Received Import Request.
  Time since last request: 0.000176 seconds.
  path: Assets/Muebles/Habitacion_Hope/window.fbx
  artifactKey: Guid(2a288425f8f4d5540a7a7b568fbf9ed8) Importer(815301076,1909f56bfc062723c751e8b465ee728b)
Start importing Assets/Muebles/Habitacion_Hope/window.fbx using Guid(2a288425f8f4d5540a7a7b568fbf9ed8) Importer(815301076,1909f56bfc062723c751e8b465ee728b)  -> (artifact id: '1b8d1a990ca8194fa266492fbbb21be1') in 0.127489 seconds
  Import took 0.132200 seconds .

========================================================================
Received Import Request.
  Time since last request: 0.000205 seconds.
  path: Assets/Muebles/Habitacion_Hope/Shtora.fbx
  artifactKey: Guid(f346ff859141515449c4b44fe0651103) Importer(815301076,1909f56bfc062723c751e8b465ee728b)
Start importing Assets/Muebles/Habitacion_Hope/Shtora.fbx using Guid(f346ff859141515449c4b44fe0651103) Importer(815301076,1909f56bfc062723c751e8b465ee728b)  -> (artifact id: '7dcd2b9aa50314480e7433a2958c83ef') in 0.416072 seconds
  Import took 0.420349 seconds .

========================================================================
Received Import Request.
  Time since last request: 0.000209 seconds.
  path: Assets/Muebles/Habitacion_Hope/Gothic Room Divider.fbx
  artifactKey: Guid(fc9fa7efb49f12c4cbcbfd67966ad1e2) Importer(815301076,1909f56bfc062723c751e8b465ee728b)
Start importing Assets/Muebles/Habitacion_Hope/Gothic Room Divider.fbx using Guid(fc9fa7efb49f12c4cbcbfd67966ad1e2) Importer(815301076,1909f56bfc062723c751e8b465ee728b)  -> (artifact id: '06fe3e15b2b81d61d37de5290728030a') in 0.043569 seconds
  Import took 0.048006 seconds .

========================================================================
Received Import Request.
  Time since last request: 0.000189 seconds.
  path: Assets/Muebles/Habitacion_Hope/Lamp for scetchfab.fbx
  artifactKey: Guid(de47ec844a641304998e88b5aa2b2fa3) Importer(815301076,1909f56bfc062723c751e8b465ee728b)
Start importing Assets/Muebles/Habitacion_Hope/Lamp for scetchfab.fbx using Guid(de47ec844a641304998e88b5aa2b2fa3) Importer(815301076,1909f56bfc062723c751e8b465ee728b)  -> (artifact id: 'a79952d032f29461caefa8ebb0669020') in 0.711087 seconds
  Import took 0.715850 seconds .

========================================================================
Received Import Request.
  Time since last request: 4.178515 seconds.
  path: Assets/Muebles/Habitacion_Hope/Low Poly Bed Room Furniture PBR
  artifactKey: Guid(495cec7d81495ef4e9a48d23ba796876) Importer(815301076,1909f56bfc062723c751e8b465ee728b)
Start importing Assets/Muebles/Habitacion_Hope/Low Poly Bed Room Furniture PBR using Guid(495cec7d81495ef4e9a48d23ba796876) Importer(815301076,1909f56bfc062723c751e8b465ee728b)  -> (artifact id: '054c1907f6245bb4fb855356f63c2656') in 0.009391 seconds
  Import took 0.016479 seconds .

========================================================================
Received Import Request.
  Time since last request: 1.127319 seconds.
  path: Assets/Muebles/Habitacion_Hope/Low Poly Bed Room Furniture PBR/Assets
  artifactKey: Guid(58422374e7ea8f440bc47f0d5e251159) Importer(815301076,1909f56bfc062723c751e8b465ee728b)
Start importing Assets/Muebles/Habitacion_Hope/Low Poly Bed Room Furniture PBR/Assets using Guid(58422374e7ea8f440bc47f0d5e251159) Importer(815301076,1909f56bfc062723c751e8b465ee728b)  -> (artifact id: 'cdd8e7ac17f3677cf8649695ab6ef6e5') in 0.008701 seconds
  Import took 0.015109 seconds .

========================================================================
Received Import Request.
  Time since last request: 0.001208 seconds.
  path: Assets/Muebles/Habitacion_Hope/Low Poly Bed Room Furniture PBR/Assets
  artifactKey: Guid(58422374e7ea8f440bc47f0d5e251159) Importer(815301076,1909f56bfc062723c751e8b465ee728b)
Start importing Assets/Muebles/Habitacion_Hope/Low Poly Bed Room Furniture PBR/Assets using Guid(58422374e7ea8f440bc47f0d5e251159) Importer(815301076,1909f56bfc062723c751e8b465ee728b)  -> (artifact id: 'cdd8e7ac17f3677cf8649695ab6ef6e5') in 0.004317 seconds
  Import took 0.009662 seconds .

========================================================================
Received Import Request.
  Time since last request: 2.813845 seconds.
  path: Assets/Muebles/Habitacion_Hope/Low Poly Bed Room Furniture PBR/Assets/Materials
  artifactKey: Guid(2f0eceb34bfe9c9498a1cb235de730fe) Importer(815301076,1909f56bfc062723c751e8b465ee728b)
Start importing Assets/Muebles/Habitacion_Hope/Low Poly Bed Room Furniture PBR/Assets/Materials using Guid(2f0eceb34bfe9c9498a1cb235de730fe) Importer(815301076,1909f56bfc062723c751e8b465ee728b)  -> (artifact id: 'b4b1d54c73278b5d591c00850a417d66') in 0.002755 seconds
  Import took 0.008061 seconds .

========================================================================
Received Import Request.
  Time since last request: 0.059716 seconds.
  path: Assets/Muebles/Habitacion_Hope/Low Poly Bed Room Furniture PBR/Assets/Materials/Floor.mat
  artifactKey: Guid(35de4dba03bd5244bba54e3f4275c2ee) Importer(815301076,1909f56bfc062723c751e8b465ee728b)
Start importing Assets/Muebles/Habitacion_Hope/Low Poly Bed Room Furniture PBR/Assets/Materials/Floor.mat using Guid(35de4dba03bd5244bba54e3f4275c2ee) Importer(815301076,1909f56bfc062723c751e8b465ee728b)  -> (artifact id: 'acdf5e25a4a501a359f9483d6575692e') in 0.011966 seconds
  Import took 0.017541 seconds .

========================================================================
Received Import Request.
  Time since last request: 0.000220 seconds.
  path: Assets/Muebles/Habitacion_Hope/Low Poly Bed Room Furniture PBR/Assets/Materials/Furniture.mat
  artifactKey: Guid(a1ca3c55afc7226479a8e49dc7c6bc8d) Importer(815301076,1909f56bfc062723c751e8b465ee728b)
Start importing Assets/Muebles/Habitacion_Hope/Low Poly Bed Room Furniture PBR/Assets/Materials/Furniture.mat using Guid(a1ca3c55afc7226479a8e49dc7c6bc8d) Importer(815301076,1909f56bfc062723c751e8b465ee728b)  -> (artifact id: '37e2a2a74c0b37f3d89f1e6a7656f7ed') in 0.330900 seconds
  Import took 0.335612 seconds .

========================================================================
Received Import Request.
  Time since last request: 5.860471 seconds.
  path: Assets/Muebles/Habitacion_Hope/Low Poly Bed Room Furniture PBR/Assets/Prefab/Almirah_low.prefab
  artifactKey: Guid(466b178cd356e914db5d739249226df9) Importer(815301076,1909f56bfc062723c751e8b465ee728b)
Start importing Assets/Muebles/Habitacion_Hope/Low Poly Bed Room Furniture PBR/Assets/Prefab/Almirah_low.prefab using Guid(466b178cd356e914db5d739249226df9) Importer(815301076,1909f56bfc062723c751e8b465ee728b)  -> (artifact id: 'e94e0812bf6d01476abfe8ebc796ea29') in 0.043551 seconds
  Import took 0.050321 seconds .

========================================================================
Received Import Request.
  Time since last request: 0.000244 seconds.
  path: Assets/Muebles/Habitacion_Hope/Low Poly Bed Room Furniture PBR/Assets/Prefab/Table.prefab
  artifactKey: Guid(f3be12c52c2feee4d989b3f26c8c98ff) Importer(815301076,1909f56bfc062723c751e8b465ee728b)
Start importing Assets/Muebles/Habitacion_Hope/Low Poly Bed Room Furniture PBR/Assets/Prefab/Table.prefab using Guid(f3be12c52c2feee4d989b3f26c8c98ff) Importer(815301076,1909f56bfc062723c751e8b465ee728b)  -> (artifact id: '5d1bb7ee5d39ca3ecccab6c6012ed3b7') in 0.030743 seconds
  Import took 0.036924 seconds .

========================================================================
Received Import Request.
  Time since last request: 0.000228 seconds.
  path: Assets/Muebles/Habitacion_Hope/Low Poly Bed Room Furniture PBR/Assets/Prefab/Bed_Set.prefab
  artifactKey: Guid(eef8306c54f201a4e8cd536d25207e32) Importer(815301076,1909f56bfc062723c751e8b465ee728b)
Start importing Assets/Muebles/Habitacion_Hope/Low Poly Bed Room Furniture PBR/Assets/Prefab/Bed_Set.prefab using Guid(eef8306c54f201a4e8cd536d25207e32) Importer(815301076,1909f56bfc062723c751e8b465ee728b)  -> (artifact id: 'ffecf3cd17a6703cb449041ea96bbf3d') in 0.030552 seconds
  Import took 0.035935 seconds .

========================================================================
Received Import Request.
  Time since last request: 0.000197 seconds.
  path: Assets/Muebles/Habitacion_Hope/Low Poly Bed Room Furniture PBR/Assets/Prefab/Dressing_Table.prefab
  artifactKey: Guid(c3f62e14475a33e4ba04f1ec6734278d) Importer(815301076,1909f56bfc062723c751e8b465ee728b)
Start importing Assets/Muebles/Habitacion_Hope/Low Poly Bed Room Furniture PBR/Assets/Prefab/Dressing_Table.prefab using Guid(c3f62e14475a33e4ba04f1ec6734278d) Importer(815301076,1909f56bfc062723c751e8b465ee728b)  -> (artifact id: 'cb3cc408f2ab5f9b56855fb5bbf87d91') in 0.028061 seconds
  Import took 0.033317 seconds .

========================================================================
Received Import Request.
  Time since last request: 0.000199 seconds.
  path: Assets/Muebles/Habitacion_Hope/Low Poly Bed Room Furniture PBR/Assets/Prefab/RTChair_low.prefab
  artifactKey: Guid(6a7c8c89f88f0ed48a22347c04b178f0) Importer(815301076,1909f56bfc062723c751e8b465ee728b)
Start importing Assets/Muebles/Habitacion_Hope/Low Poly Bed Room Furniture PBR/Assets/Prefab/RTChair_low.prefab using Guid(6a7c8c89f88f0ed48a22347c04b178f0) Importer(815301076,1909f56bfc062723c751e8b465ee728b)  -> (artifact id: '3ee1eedf1f5964768bd73266fab5f9bc') in 0.027305 seconds
  Import took 0.032319 seconds .

========================================================================
Received Import Request.
  Time since last request: 0.000209 seconds.
  path: Assets/Muebles/Habitacion_Hope/Low Poly Bed Room Furniture PBR/Assets/Prefab/Dressing_Table.prefab
  artifactKey: Guid(c3f62e14475a33e4ba04f1ec6734278d) Importer(815301076,1909f56bfc062723c751e8b465ee728b)
Start importing Assets/Muebles/Habitacion_Hope/Low Poly Bed Room Furniture PBR/Assets/Prefab/Dressing_Table.prefab using Guid(c3f62e14475a33e4ba04f1ec6734278d) Importer(815301076,1909f56bfc062723c751e8b465ee728b)  -> (artifact id: 'cb3cc408f2ab5f9b56855fb5bbf87d91') in 0.022981 seconds
  Import took 0.029016 seconds .

========================================================================
Received Import Request.
  Time since last request: 0.000212 seconds.
  path: Assets/Muebles/Habitacion_Hope/Low Poly Bed Room Furniture PBR/Assets/Prefab/RTChair_low.prefab
  artifactKey: Guid(6a7c8c89f88f0ed48a22347c04b178f0) Importer(815301076,1909f56bfc062723c751e8b465ee728b)
Start importing Assets/Muebles/Habitacion_Hope/Low Poly Bed Room Furniture PBR/Assets/Prefab/RTChair_low.prefab using Guid(6a7c8c89f88f0ed48a22347c04b178f0) Importer(815301076,1909f56bfc062723c751e8b465ee728b)  -> (artifact id: '3ee1eedf1f5964768bd73266fab5f9bc') in 0.022063 seconds
  Import took 0.027288 seconds .

========================================================================
Received Import Request.
  Time since last request: 179.563798 seconds.
  path: Assets/Muebles/Habitacion_Hope/Low Poly Bed Room Furniture PBR/Assets/Materials/Furniture.mat
  artifactKey: Guid(a1ca3c55afc7226479a8e49dc7c6bc8d) Importer(815301076,1909f56bfc062723c751e8b465ee728b)
Start importing Assets/Muebles/Habitacion_Hope/Low Poly Bed Room Furniture PBR/Assets/Materials/Furniture.mat using Guid(a1ca3c55afc7226479a8e49dc7c6bc8d) Importer(815301076,1909f56bfc062723c751e8b465ee728b)  -> (artifact id: '2b1fe7a83a370f1c275bee7a26ab2395') in 0.026405 seconds
  Import took 0.032047 seconds .

========================================================================
Received Import Request.
  Time since last request: 3507.299829 seconds.
  path: Assets/Scenes/Escena1-- Hall/HallEntrada.unity
  artifactKey: Guid(d1c3109bdb54ad54c8a2b2838528e640) Importer(815301076,1909f56bfc062723c751e8b465ee728b)
Start importing Assets/Scenes/Escena1-- Hall/HallEntrada.unity using Guid(d1c3109bdb54ad54c8a2b2838528e640) Importer(815301076,1909f56bfc062723c751e8b465ee728b)  -> (artifact id: '95b31af245bfb245add5f2eb79a025c8') in 0.011644 seconds
  Import took 0.018637 seconds .

========================================================================
Received Import Request.
  Time since last request: 0.000660 seconds.
  path: Assets/Scenes/Escena1-- Hall/HallEntrada.unity
  artifactKey: Guid(d1c3109bdb54ad54c8a2b2838528e640) Importer(815301076,1909f56bfc062723c751e8b465ee728b)
Start importing Assets/Scenes/Escena1-- Hall/HallEntrada.unity using Guid(d1c3109bdb54ad54c8a2b2838528e640) Importer(815301076,1909f56bfc062723c751e8b465ee728b)  -> (artifact id: '95b31af245bfb245add5f2eb79a025c8') in 0.003221 seconds
  Import took 0.008800 seconds .

========================================================================
Received Import Request.
  Time since last request: 3.523920 seconds.
  path: Assets/Scenes/Escena1-- Hall/HallEntradaLight.lighting
  artifactKey: Guid(477cc4148fad3449482a3bc3178594e2) Importer(815301076,1909f56bfc062723c751e8b465ee728b)
Start importing Assets/Scenes/Escena1-- Hall/HallEntradaLight.lighting using Guid(477cc4148fad3449482a3bc3178594e2) Importer(815301076,1909f56bfc062723c751e8b465ee728b)  -> (artifact id: 'c4d894d02fb70de0eeb7b318116fbadc') in 0.013518 seconds
  Import took 0.020384 seconds .

========================================================================
Received Import Request.
  Time since last request: 0.001450 seconds.
  path: Assets/Scenes/Escena1-- Hall/HallEntradaLight.lighting
  artifactKey: Guid(477cc4148fad3449482a3bc3178594e2) Importer(815301076,1909f56bfc062723c751e8b465ee728b)
Start importing Assets/Scenes/Escena1-- Hall/HallEntradaLight.lighting using Guid(477cc4148fad3449482a3bc3178594e2) Importer(815301076,1909f56bfc062723c751e8b465ee728b)  -> (artifact id: 'c4d894d02fb70de0eeb7b318116fbadc') in 0.003561 seconds
  Import took 0.010888 seconds .

========================================================================
Received Import Request.
  Time since last request: 103.287438 seconds.
  path: Assets/Scenes/Escena6--Pasillo/Pasillo.unity
  artifactKey: Guid(5bb47b473540e5f4797c08c82e89df20) Importer(815301076,1909f56bfc062723c751e8b465ee728b)
Start importing Assets/Scenes/Escena6--Pasillo/Pasillo.unity using Guid(5bb47b473540e5f4797c08c82e89df20) Importer(815301076,1909f56bfc062723c751e8b465ee728b)  -> (artifact id: '5e8d05f4142bb29a9447dd6871f358e8') in 0.013038 seconds
  Import took 0.019399 seconds .

========================================================================
Received Import Request.
  Time since last request: 5.804470 seconds.
  path: Assets/Scenes/Escena6--Pasillo/PasilloLight.lighting
  artifactKey: Guid(e8501a5cc5a4fa649b5a74533da9bef0) Importer(815301076,1909f56bfc062723c751e8b465ee728b)
Start importing Assets/Scenes/Escena6--Pasillo/PasilloLight.lighting using Guid(e8501a5cc5a4fa649b5a74533da9bef0) Importer(815301076,1909f56bfc062723c751e8b465ee728b)  -> (artifact id: '47f3ba78a504a9bc5ee023715b5d9dee') in 0.008228 seconds
  Import took 0.013743 seconds .

========================================================================
Received Import Request.
  Time since last request: 0.000362 seconds.
  path: Assets/Scenes/Escena6--Pasillo/PasilloLight.lighting
  artifactKey: Guid(e8501a5cc5a4fa649b5a74533da9bef0) Importer(815301076,1909f56bfc062723c751e8b465ee728b)
Start importing Assets/Scenes/Escena6--Pasillo/PasilloLight.lighting using Guid(e8501a5cc5a4fa649b5a74533da9bef0) Importer(815301076,1909f56bfc062723c751e8b465ee728b)  -> (artifact id: '47f3ba78a504a9bc5ee023715b5d9dee') in 0.002900 seconds
  Import took 0.007392 seconds .

========================================================================
Received Import Request.
  Time since last request: 32.460896 seconds.
  path: Assets/Player/FBX/Banana Detective.fbx
  artifactKey: Guid(3597ecf1f8cd1ff4e81c0af5252344e1) Importer(815301076,1909f56bfc062723c751e8b465ee728b)
Start importing Assets/Player/FBX/Banana Detective.fbx using Guid(3597ecf1f8cd1ff4e81c0af5252344e1) Importer(815301076,1909f56bfc062723c751e8b465ee728b)  -> (artifact id: '825296e7e2ca161ee4c98e37d2426071') in 0.396732 seconds
  Import took 0.402264 seconds .

========================================================================
Received Import Request.
  Time since last request: 0.000195 seconds.
  path: Assets/Scenes/Escena6--Pasillo/Materials/Wall.mat
  artifactKey: Guid(1ffe572daacf85141a120f6f6495fa68) Importer(815301076,1909f56bfc062723c751e8b465ee728b)
Start importing Assets/Scenes/Escena6--Pasillo/Materials/Wall.mat using Guid(1ffe572daacf85141a120f6f6495fa68) Importer(815301076,1909f56bfc062723c751e8b465ee728b)  -> (artifact id: '943748b1f8e42ffc49976e6212e14b7f') in 0.012041 seconds
  Import took 0.016635 seconds .

========================================================================
Received Import Request.
  Time since last request: 0.000178 seconds.
  path: Assets/Visual/ProyectMaterials/Skybox_Mat.mat
  artifactKey: Guid(0ffaa0b7117ba8c47a9d05ae701d4b4d) Importer(815301076,1909f56bfc062723c751e8b465ee728b)
Start importing Assets/Visual/ProyectMaterials/Skybox_Mat.mat using Guid(0ffaa0b7117ba8c47a9d05ae701d4b4d) Importer(815301076,1909f56bfc062723c751e8b465ee728b)  -> (artifact id: '49cb8a9770ea5661530fd5a299e8358e') in 0.023186 seconds
  Import took 0.027636 seconds .

========================================================================
Received Import Request.
  Time since last request: 0.000226 seconds.
  path: Assets/Scenes/Escena3--Comedor/Materials/Wall.mat
  artifactKey: Guid(4a49680c565ad5c4081c2ab7e2ff2fa2) Importer(815301076,1909f56bfc062723c751e8b465ee728b)
Start importing Assets/Scenes/Escena3--Comedor/Materials/Wall.mat using Guid(4a49680c565ad5c4081c2ab7e2ff2fa2) Importer(815301076,1909f56bfc062723c751e8b465ee728b)  -> (artifact id: '8bab1bfc35988f4dce9f677d088f4600') in 0.011653 seconds
  Import took 0.016107 seconds .

========================================================================
Received Import Request.
  Time since last request: 0.000196 seconds.
  path: Assets/Scenes/Escena2--Despacho/Materials/Wall.mat
  artifactKey: Guid(fe8f48e84fec1cb4aaaad0176a189d80) Importer(815301076,1909f56bfc062723c751e8b465ee728b)
Start importing Assets/Scenes/Escena2--Despacho/Materials/Wall.mat using Guid(fe8f48e84fec1cb4aaaad0176a189d80) Importer(815301076,1909f56bfc062723c751e8b465ee728b)  -> (artifact id: '2a314c09dcadcf8f317dc7f5b84c93a3') in 0.010844 seconds
  Import took 0.015759 seconds .

========================================================================
Received Import Request.
  Time since last request: 0.000224 seconds.
  path: Assets/Scenes/Escena3--Comedor/Materials/Wall.mat
  artifactKey: Guid(4a49680c565ad5c4081c2ab7e2ff2fa2) Importer(815301076,1909f56bfc062723c751e8b465ee728b)
Start importing Assets/Scenes/Escena3--Comedor/Materials/Wall.mat using Guid(4a49680c565ad5c4081c2ab7e2ff2fa2) Importer(815301076,1909f56bfc062723c751e8b465ee728b)  -> (artifact id: '8bab1bfc35988f4dce9f677d088f4600') in 0.013497 seconds
  Import took 0.018399 seconds .

========================================================================
Received Import Request.
  Time since last request: 0.000190 seconds.
  path: Assets/Scenes/Escena2--Despacho/Materials/Wall.mat
  artifactKey: Guid(fe8f48e84fec1cb4aaaad0176a189d80) Importer(815301076,1909f56bfc062723c751e8b465ee728b)
Start importing Assets/Scenes/Escena2--Despacho/Materials/Wall.mat using Guid(fe8f48e84fec1cb4aaaad0176a189d80) Importer(815301076,1909f56bfc062723c751e8b465ee728b)  -> (artifact id: '2a314c09dcadcf8f317dc7f5b84c93a3') in 0.011553 seconds
  Import took 0.016766 seconds .

========================================================================
Received Import Request.
  Time since last request: 0.000184 seconds.
  path: Assets/Player/FBX/Banana Detective.fbx
  artifactKey: Guid(3597ecf1f8cd1ff4e81c0af5252344e1) Importer(815301076,1909f56bfc062723c751e8b465ee728b)
Start importing Assets/Player/FBX/Banana Detective.fbx using Guid(3597ecf1f8cd1ff4e81c0af5252344e1) Importer(815301076,1909f56bfc062723c751e8b465ee728b)  -> (artifact id: '825296e7e2ca161ee4c98e37d2426071') in 0.089515 seconds
  Import took 0.094394 seconds .

========================================================================
Received Import Request.
  Time since last request: 0.882522 seconds.
  path: Assets/Scenes/Escena1-- Hall/Materials/pared.mat
  artifactKey: Guid(9f1d42253e068e542838bc5b1fe3438a) Importer(815301076,1909f56bfc062723c751e8b465ee728b)
Start importing Assets/Scenes/Escena1-- Hall/Materials/pared.mat using Guid(9f1d42253e068e542838bc5b1fe3438a) Importer(815301076,1909f56bfc062723c751e8b465ee728b)  -> (artifact id: 'f5e75e8d64beff00478cb0e42090a24a') in 0.015214 seconds
  Import took 0.020543 seconds .

========================================================================
Received Import Request.
  Time since last request: 0.000228 seconds.
  path: Assets/Scenes/EscenaPuzzle2/Materiales/Rojo.mat
  artifactKey: Guid(4a8876ab9acf84c4990def01de4b790f) Importer(815301076,1909f56bfc062723c751e8b465ee728b)
Start importing Assets/Scenes/EscenaPuzzle2/Materiales/Rojo.mat using Guid(4a8876ab9acf84c4990def01de4b790f) Importer(815301076,1909f56bfc062723c751e8b465ee728b)  -> (artifact id: '72ea65aa2c4fe527bc5c7caf6521f386') in 0.013953 seconds
  Import took 0.019103 seconds .

========================================================================
Received Import Request.
  Time since last request: 0.000212 seconds.
  path: Assets/Muebles/Hall/Azerilo/Free Rug Pack/Material/Material3.mat
  artifactKey: Guid(bec706126ee43674b8032c91f2ae69d3) Importer(815301076,1909f56bfc062723c751e8b465ee728b)
Start importing Assets/Muebles/Hall/Azerilo/Free Rug Pack/Material/Material3.mat using Guid(bec706126ee43674b8032c91f2ae69d3) Importer(815301076,1909f56bfc062723c751e8b465ee728b)  -> (artifact id: 'c2be32910eb6b9fc0907744384fe3d0c') in 0.364204 seconds
  Import took 0.369597 seconds .

========================================================================
Received Import Request.
  Time since last request: 0.000218 seconds.
  path: Assets/Scenes/EscenaPuzzle1/Materials/Box1.mat
  artifactKey: Guid(f348f96f0fcab4c45a3e62a17b92c089) Importer(815301076,1909f56bfc062723c751e8b465ee728b)
Start importing Assets/Scenes/EscenaPuzzle1/Materials/Box1.mat using Guid(f348f96f0fcab4c45a3e62a17b92c089) Importer(815301076,1909f56bfc062723c751e8b465ee728b)  -> (artifact id: '7d81c1cd435531fdfb580e4f6e5443df') in 0.014570 seconds
  Import took 0.019148 seconds .

========================================================================
Received Import Request.
  Time since last request: 0.000202 seconds.
  path: Assets/Scenes/EscenaPuzzle1/Materials/Box2.mat
  artifactKey: Guid(edb509dcb97c0a44580cb50d2bee612c) Importer(815301076,1909f56bfc062723c751e8b465ee728b)
Start importing Assets/Scenes/EscenaPuzzle1/Materials/Box2.mat using Guid(edb509dcb97c0a44580cb50d2bee612c) Importer(815301076,1909f56bfc062723c751e8b465ee728b)  -> (artifact id: 'e06e354d057724512e37fa5715e3aa02') in 0.014882 seconds
  Import took 0.019215 seconds .

========================================================================
Received Import Request.
  Time since last request: 0.000218 seconds.
  path: Assets/Scenes/EscenaPuzzle1/Materials/Box3.mat
  artifactKey: Guid(da4eab795e01a524aa2e904303d24e7b) Importer(815301076,1909f56bfc062723c751e8b465ee728b)
Start importing Assets/Scenes/EscenaPuzzle1/Materials/Box3.mat using Guid(da4eab795e01a524aa2e904303d24e7b) Importer(815301076,1909f56bfc062723c751e8b465ee728b)  -> (artifact id: '03e921e0482c5f3f594255422b214811') in 0.013661 seconds
  Import took 0.018320 seconds .

========================================================================
Received Import Request.
  Time since last request: 0.000191 seconds.
  path: Assets/Muebles/JJ_InteriorDoorPack_V1/Materials/Frames/mat_intDoor_metalFrame_black.mat
  artifactKey: Guid(3b0d2ceccf5d1804fb726d141e80fb44) Importer(815301076,1909f56bfc062723c751e8b465ee728b)
Start importing Assets/Muebles/JJ_InteriorDoorPack_V1/Materials/Frames/mat_intDoor_metalFrame_black.mat using Guid(3b0d2ceccf5d1804fb726d141e80fb44) Importer(815301076,1909f56bfc062723c751e8b465ee728b)  -> (artifact id: '870e2c95ea4a9235f7e60a4745866bc6') in 0.375035 seconds
  Import took 0.379888 seconds .

========================================================================
Received Import Request.
  Time since last request: 0.000218 seconds.
  path: Assets/Scenes/EscenaPuzzle1/Materials/Box5.mat
  artifactKey: Guid(639da1fee1ead6b4cba5b265bae9f711) Importer(815301076,1909f56bfc062723c751e8b465ee728b)
Start importing Assets/Scenes/EscenaPuzzle1/Materials/Box5.mat using Guid(639da1fee1ead6b4cba5b265bae9f711) Importer(815301076,1909f56bfc062723c751e8b465ee728b)  -> (artifact id: '741e1465da47c53de3158380827cc0d4') in 0.013430 seconds
  Import took 0.017518 seconds .

========================================================================
Received Import Request.
  Time since last request: 0.000195 seconds.
  path: Assets/Scenes/Escena3--Comedor/Materials/Floor.mat
  artifactKey: Guid(b72de5079d947414b8f29e389c643c1e) Importer(815301076,1909f56bfc062723c751e8b465ee728b)
Start importing Assets/Scenes/Escena3--Comedor/Materials/Floor.mat using Guid(b72de5079d947414b8f29e389c643c1e) Importer(815301076,1909f56bfc062723c751e8b465ee728b)  -> (artifact id: 'dbc184279c84e01c89c2d68acb88b6f2') in 0.014371 seconds
  Import took 0.019572 seconds .

========================================================================
Received Import Request.
  Time since last request: 0.000176 seconds.
  path: Assets/Muebles/Hall/Azerilo/Demo Floor/Material/Floor.mat
  artifactKey: Guid(78627c1533e8f394eae102891ce33869) Importer(815301076,1909f56bfc062723c751e8b465ee728b)
Start importing Assets/Muebles/Hall/Azerilo/Demo Floor/Material/Floor.mat using Guid(78627c1533e8f394eae102891ce33869) Importer(815301076,1909f56bfc062723c751e8b465ee728b)  -> (artifact id: 'eae9ca62f943b1f7cb01758dc6581d3d') in 0.020458 seconds
  Import took 0.024927 seconds .

========================================================================
Received Import Request.
  Time since last request: 0.000222 seconds.
  path: Assets/Muebles/Hall/Azerilo/Free Rug Pack/Material/Material2.mat
  artifactKey: Guid(b5fd3fdb454a48d408d0ee50b796d061) Importer(815301076,1909f56bfc062723c751e8b465ee728b)
Start importing Assets/Muebles/Hall/Azerilo/Free Rug Pack/Material/Material2.mat using Guid(b5fd3fdb454a48d408d0ee50b796d061) Importer(815301076,1909f56bfc062723c751e8b465ee728b)  -> (artifact id: '83d9296fa51033f7758651d0f2b738da') in 0.018060 seconds
  Import took 0.022785 seconds .

========================================================================
Received Import Request.
  Time since last request: 0.000195 seconds.
  path: Assets/Scenes/EscenaPuzzle1/Materials/fondo.mat
  artifactKey: Guid(49d8840eb7700814690599b252a3f2b1) Importer(815301076,1909f56bfc062723c751e8b465ee728b)
Start importing Assets/Scenes/EscenaPuzzle1/Materials/fondo.mat using Guid(49d8840eb7700814690599b252a3f2b1) Importer(815301076,1909f56bfc062723c751e8b465ee728b)  -> (artifact id: '5a5f9c68c5c5e462a926c8625046f643') in 0.013494 seconds
  Import took 0.018039 seconds .

========================================================================
Received Import Request.
  Time since last request: 0.000217 seconds.
  path: Assets/Scenes/EscenaPuzzle1/Materials/Box4.mat
  artifactKey: Guid(341fbe118a43ca845b418b81d542f3bf) Importer(815301076,1909f56bfc062723c751e8b465ee728b)
Start importing Assets/Scenes/EscenaPuzzle1/Materials/Box4.mat using Guid(341fbe118a43ca845b418b81d542f3bf) Importer(815301076,1909f56bfc062723c751e8b465ee728b)  -> (artifact id: 'b7ad63f5d9b5fdf12fbc756cb1e5abdd') in 0.013384 seconds
  Import took 0.018539 seconds .

========================================================================
Received Import Request.
  Time since last request: 0.000209 seconds.
  path: Assets/Muebles/JJ_InteriorDoorPack_V1/Materials/Frames/mat_intDoor_metalFrame_white.mat
  artifactKey: Guid(15ee18a418e72d1418815052445c3c11) Importer(815301076,1909f56bfc062723c751e8b465ee728b)
Start importing Assets/Muebles/JJ_InteriorDoorPack_V1/Materials/Frames/mat_intDoor_metalFrame_white.mat using Guid(15ee18a418e72d1418815052445c3c11) Importer(815301076,1909f56bfc062723c751e8b465ee728b)  -> (artifact id: 'a839a51ad71fc694883e049e2cc3877d') in 0.052903 seconds
  Import took 0.057484 seconds .

========================================================================
Received Import Request.
  Time since last request: 0.000213 seconds.
  path: Assets/Scenes/Escena2--Despacho/Materials/Floor.mat
  artifactKey: Guid(04a166434647af14abe188448825d661) Importer(815301076,1909f56bfc062723c751e8b465ee728b)
Start importing Assets/Scenes/Escena2--Despacho/Materials/Floor.mat using Guid(04a166434647af14abe188448825d661) Importer(815301076,1909f56bfc062723c751e8b465ee728b)  -> (artifact id: 'e201408aef0c199c353729a23e4a4628') in 0.011424 seconds
  Import took 0.015543 seconds .

========================================================================
Received Import Request.
  Time since last request: 0.000237 seconds.
  path: Assets/Muebles/JJ_InteriorDoorPack_V1/Materials/Knobs/mat_doorKnob_brass.mat
  artifactKey: Guid(f5ff2560e39df5b4db5703fd2fcabd3f) Importer(815301076,1909f56bfc062723c751e8b465ee728b)
Start importing Assets/Muebles/JJ_InteriorDoorPack_V1/Materials/Knobs/mat_doorKnob_brass.mat using Guid(f5ff2560e39df5b4db5703fd2fcabd3f) Importer(815301076,1909f56bfc062723c751e8b465ee728b)  -> (artifact id: '441d597b8786c173e0053d92925d6c2a') in 0.021778 seconds
  Import took 0.026593 seconds .

========================================================================
Received Import Request.
  Time since last request: 0.000203 seconds.
  path: Assets/Player/FBX/conan.FBX
  artifactKey: Guid(b41fb1f80e9348543ad55fb733a76087) Importer(815301076,1909f56bfc062723c751e8b465ee728b)
Start importing Assets/Player/FBX/conan.FBX using Guid(b41fb1f80e9348543ad55fb733a76087) Importer(815301076,1909f56bfc062723c751e8b465ee728b)  -> (artifact id: '6fe9fc19913f3c2c96c6253abe32b254') in 0.161098 seconds
  Import took 0.165930 seconds .

========================================================================
Received Import Request.
  Time since last request: 0.000216 seconds.
  path: Assets/Muebles/Hall/Azerilo/Free Rug Pack/Material/Material1.mat
  artifactKey: Guid(9b1985632de14cc408bc4491d118dd76) Importer(815301076,1909f56bfc062723c751e8b465ee728b)
Start importing Assets/Muebles/Hall/Azerilo/Free Rug Pack/Material/Material1.mat using Guid(9b1985632de14cc408bc4491d118dd76) Importer(815301076,1909f56bfc062723c751e8b465ee728b)  -> (artifact id: 'fbc2063bc7dbe17509bda80db392fba4') in 0.015787 seconds
  Import took 0.020608 seconds .

========================================================================
Received Import Request.
  Time since last request: 0.000191 seconds.
  path: Assets/Scenes/Escena1-- Hall/Materials/Floor.mat
  artifactKey: Guid(f6a8a8fc3a975954889d4c5ba0188a7f) Importer(815301076,1909f56bfc062723c751e8b465ee728b)
Start importing Assets/Scenes/Escena1-- Hall/Materials/Floor.mat using Guid(f6a8a8fc3a975954889d4c5ba0188a7f) Importer(815301076,1909f56bfc062723c751e8b465ee728b)  -> (artifact id: '2396e9498d79e148b304469050602de0') in 0.010917 seconds
  Import took 0.015495 seconds .

========================================================================
Received Import Request.
  Time since last request: 0.000224 seconds.
  path: Assets/Scenes/Escena6--Pasillo/Materials/Floor.mat
  artifactKey: Guid(03d1e79936d0ba849aa6b1a1aee03237) Importer(815301076,1909f56bfc062723c751e8b465ee728b)
Start importing Assets/Scenes/Escena6--Pasillo/Materials/Floor.mat using Guid(03d1e79936d0ba849aa6b1a1aee03237) Importer(815301076,1909f56bfc062723c751e8b465ee728b)  -> (artifact id: 'd1fd1eeed0cad1ae186f8e81f26815b3') in 0.012016 seconds
  Import took 0.016647 seconds .

========================================================================
Received Import Request.
  Time since last request: 0.000210 seconds.
  path: Assets/Scenes/EscenaPuzzle2/Materiales/Fondo.mat
  artifactKey: Guid(38bb93876a2b7734f8d96c5c0113c51f) Importer(815301076,1909f56bfc062723c751e8b465ee728b)
Start importing Assets/Scenes/EscenaPuzzle2/Materiales/Fondo.mat using Guid(38bb93876a2b7734f8d96c5c0113c51f) Importer(815301076,1909f56bfc062723c751e8b465ee728b)  -> (artifact id: '54934f3a26b327ac6b1e800f05ac1c78') in 0.013740 seconds
  Import took 0.018153 seconds .

========================================================================
Received Prepare
Registering precompiled user dll's ...
Registered in 0.002144 seconds.
Begin MonoManager ReloadAssembly
Native extension for WindowsStandalone target not found
Refreshing native plugins compatible for Editor in 0.52 ms, found 0 plugins.
Preloading 0 native plugins for Editor in 0.00 ms.
Mono: successfully reloaded assembly
- Completed reload, in  1.118 seconds
Platform modules already initialized, skipping
Shader 'Universal Render Pipeline/Particles/Lit': fallback shader 'Universal Render Pipeline/Particles/SimpleLit' not found
Refreshing native plugins compatible for Editor in 0.53 ms, found 0 plugins.
Preloading 0 native plugins for Editor in 0.00 ms.
Unloading 2508 Unused Serialized files (Serialized files now loaded: 0)
System memory in use before: 120.9 MB.
System memory in use after: 121.1 MB.

Unloading 6 unused Assets to reduce memory usage. Loaded Objects now: 3165.
Total: 2.488500 ms (FindLiveObjects: 0.308600 ms CreateObjectMapping: 0.122300 ms MarkObjects: 2.034300 ms  DeleteObjects: 0.019500 ms)

AssetImportWorkerClient::OnTransportError - code=2 error=End of file
